<?xml version="1.0" encoding="UTF-8" ?>
<testsuite tests="2" failures="0" name="TestSuite" time="1.298" errors="0" skipped="0">
  <properties>
    <property name="jansi.mode" value="force"/>
    <property name="java.runtime.name" value="Java(TM) SE Runtime Environment"/>
    <property name="java.vm.version" value="17.0.5+9-LTS-191"/>
    <property name="sun.boot.library.path" value="C:\Users\QN271GF\Downloads\jdk-17_windows-x64_bin\jdk-17.0.5\bin"/>
    <property name="maven.multiModuleProjectDirectory" value="C:\Users\QN271GF\JavaWorkspaceFinal-master\GuidewireScenario6"/>
    <property name="java.vm.vendor" value="Oracle Corporation"/>
    <property name="java.vendor.url" value="https://java.oracle.com/"/>
    <property name="guice.disable.misplaced.annotation.check" value="true"/>
    <property name="path.separator" value=";"/>
    <property name="java.vm.name" value="Java HotSpot(TM) 64-Bit Server VM"/>
    <property name="sun.os.patch.level" value=""/>
    <property name="user.script" value=""/>
    <property name="user.country" value="IN"/>
    <property name="sun.java.launcher" value="SUN_STANDARD"/>
    <property name="java.vm.specification.name" value="Java Virtual Machine Specification"/>
    <property name="user.dir" value="C:\Users\QN271GF\JavaWorkspaceFinal-master\GuidewireScenario6"/>
    <property name="java.vm.compressedOopsMode" value="Zero based"/>
    <property name="java.runtime.version" value="17.0.5+9-LTS-191"/>
    <property name="os.arch" value="amd64"/>
    <property name="java.io.tmpdir" value="C:\Users\QN271GF\AppData\Local\Temp\"/>
    <property name="line.separator" value="
"/>
    <property name="java.vm.specification.vendor" value="Oracle Corporation"/>
    <property name="user.variant" value=""/>
    <property name="os.name" value="Windows 10"/>
    <property name="classworlds.conf" value="C:\Users\QN271GF\JavaWorkspaceFinal-master\.metadata\.plugins\org.eclipse.m2e.launching\launches\m2conf1968795273537243339.tmp"/>
    <property name="sun.jnu.encoding" value="Cp1252"/>
    <property name="java.library.path" value="C:\Users\QN271GF\Downloads\jdk-17_windows-x64_bin\jdk-17.0.5\bin;C:\Windows\Sun\Java\bin;C:\Windows\system32;C:\Windows;C:/Users/QN271GF/.p2/pool/plugins/org.eclipse.justj.openjdk.hotspot.jre.full.win32.x86_64_17.0.4.v20221004-1257/jre/bin/server;C:/Users/QN271GF/.p2/pool/plugins/org.eclipse.justj.openjdk.hotspot.jre.full.win32.x86_64_17.0.4.v20221004-1257/jre/bin;C:\Windows\system32;C:\Windows;C:\Windows\System32\Wbem;C:\Windows\System32\WindowsPowerShell\v1.0\;C:\Windows\System32\OpenSSH\;C:\Program Files (x86)\Riverbed\Steelhead Mobile\;C:\Program Files\1E\Client\Extensibility\NomadBranch;C:\Program Files (x86)\Common Files\Hitachi ID\;C:\Program Files\Common Files\Hitachi ID\;C:\Users\QN271GF\AppData\Local\Programs\Python\Python310\;C:\Users\QN271GF\AppData\Local\Programs\Python\Python310\Scripts\;C:\Users\QN271GF\Downloads\jdk-17_windows-x64_bin\jdk-17.0.5\bin;C:\Users\QN271GF\AppData\Local\Microsoft\WindowsApps;C:\Users\QN271GF\AppData\Local\Programs\Python\Python310\;C:\Users\QN271GF\AppData\Local\Programs\Python\Python310\Scripts\;C:\Users\QN271GF\AppData\Local\GitHubDesktop\bin;C:\Users\QN271GF\OneDrive - EY\Desktop;;."/>
    <property name="jdk.debug" value="release"/>
    <property name="java.class.version" value="61.0"/>
    <property name="java.specification.name" value="Java Platform API Specification"/>
    <property name="sun.management.compiler" value="HotSpot 64-Bit Tiered Compilers"/>
    <property name="os.version" value="10.0"/>
    <property name="user.home" value="C:\Users\QN271GF"/>
    <property name="user.timezone" value="Asia/Calcutta"/>
    <property name="file.encoding" value="UTF-8"/>
    <property name="java.specification.version" value="17"/>
    <property name="user.name" value="QN271GF"/>
    <property name="java.class.path" value="C:\Users\QN271GF\.p2\pool\plugins\org.eclipse.m2e.maven.runtime_3.8.601.20220820-1147\jars\plexus-classworlds-2.6.0.jar"/>
    <property name="java.vm.specification.version" value="17"/>
    <property name="sun.arch.data.model" value="64"/>
    <property name="sun.java.command" value="org.codehaus.plexus.classworlds.launcher.Launcher -B -Dstyle.color=always package"/>
    <property name="java.home" value="C:\Users\QN271GF\Downloads\jdk-17_windows-x64_bin\jdk-17.0.5"/>
    <property name="user.language" value="en"/>
    <property name="java.specification.vendor" value="Oracle Corporation"/>
    <property name="java.vm.info" value="mixed mode, sharing"/>
    <property name="java.version" value="17.0.5"/>
    <property name="native.encoding" value="Cp1252"/>
    <property name="java.vendor" value="Oracle Corporation"/>
    <property name="maven.home" value="C:\Users\QN271GF\JavaWorkspaceFinal-master\GuidewireScenario6\EMBEDDED"/>
    <property name="style.color" value="always"/>
    <property name="file.separator" value="\"/>
    <property name="java.version.date" value="2022-10-18"/>
    <property name="java.vendor.url.bug" value="https://bugreport.java.com/bugreport/"/>
    <property name="sun.io.unicode.encoding" value="UnicodeLittle"/>
    <property name="sun.cpu.endian" value="little"/>
    <property name="sun.cpu.isalist" value="amd64"/>
  </properties>
  <testcase classname="runner.NewTest" name="f" time="0.031"/>
  <testcase classname="testcases.LoginPageTest" name="Login" time="1.267"/>
</testsuite>