<?xml version="1.0" encoding="UTF-8"?>
<!-- Generated by org.testng.reporters.JUnitReportReporter -->
<testsuite hostname="IN3024793W2" failures="0" tests="1" name="runner.Runner" time="15.423" errors="0" timestamp="2022-12-08T18:33:49 IST" skipped="0">
  <testcase classname="runner.Runner" name="runScenario" time="15.423"/>
  <system-out/>
</testsuite> <!-- runner.Runner -->
