<?xml version="1.0" encoding="UTF-8"?>
<!-- Generated by org.testng.reporters.JUnitReportReporter -->
<testsuite hostname="IN3024793W2" failures="0" tests="1" name="testcases.LoginPageTest" time="2.450" errors="0" timestamp="2022-11-28T21:57:55 IST" skipped="0">
  <testcase classname="testcases.LoginPageTest" name="user_is_on_the_guidewire_home_page" time="2.450"/>
  <system-out/>
</testsuite> <!-- testcases.LoginPageTest -->
