<?xml version="1.0" encoding="UTF-8"?>
<!-- Generated by org.testng.reporters.JUnitReportReporter -->
<testsuite hostname="IN3024793W2" failures="0" tests="1" name="testcases.LoginPageTest" time="1.268" errors="0" timestamp="2022-11-28T15:34:37 IST" skipped="0">
  <testcase classname="testcases.LoginPageTest" name="Login" time="1.268"/>
  <system-out/>
</testsuite> <!-- testcases.LoginPageTest -->
