<?xml version="1.0" encoding="UTF-8"?>
<!-- Generated by org.testng.reporters.JUnitReportReporter -->
<testsuite hostname="IN3024793W2" failures="0" tests="1" name="runner.NewTest" time="0.006" errors="0" timestamp="2022-11-28T15:34:37 IST" skipped="0">
  <testcase classname="runner.NewTest" name="f" time="0.006"/>
  <system-out/>
</testsuite> <!-- runner.NewTest -->
